Copyright 1986-2022 Xilinx, Inc. All Rights Reserved. Copyright 2022-2024 Advanced Micro Devices, Inc. All Rights Reserved.
--------------------------------------------------------------------------------------------------------------------------------------------------------------------------------------------------------
| Tool Version : Vivado v.2024.1 (win64) Build 5076996 Wed May 22 18:37:14 MDT 2024
| Date         : Wed Jul 24 22:49:12 2024
| Host         : jeffhr running 64-bit major release  (build 9200)
| Command      : report_methodology -file pcileech_enigma_x1_top_methodology_drc_routed.rpt -pb pcileech_enigma_x1_top_methodology_drc_routed.pb -rpx pcileech_enigma_x1_top_methodology_drc_routed.rpx
| Design       : pcileech_enigma_x1_top
| Device       : xc7a75tfgg484-2
| Speed File   : -2
| Design State : Fully Routed
--------------------------------------------------------------------------------------------------------------------------------------------------------------------------------------------------------

Report Methodology

Table of Contents
-----------------
1. REPORT SUMMARY
2. REPORT DETAILS

1. REPORT SUMMARY
-----------------
            Netlist: netlist
          Floorplan: design_1
      Design limits: <entire design considered>
             Max violations: <unlimited>
             Violations found: 13
+-----------+----------+----------------------------------+------------+
| Rule      | Severity | Description                      | Violations |
+-----------+----------+----------------------------------+------------+
| LUTAR-1   | Warning  | LUT drives async reset alert     | 5          |
| TIMING-9  | Warning  | Unknown CDC Logic                | 1          |
| TIMING-10 | Warning  | Missing property on synchronizer | 1          |
| TIMING-18 | Warning  | Missing input or output delay    | 6          |
+-----------+----------+----------------------------------+------------+

2. REPORT DETAILS
-----------------
LUTAR-1#1 Warning
LUT drives async reset alert  
LUT cell i_pcileech_com/i_fifo_64_64_clk2_comrx_i_1, with 2 or more inputs, drives asynchronous preset/clear pin(s) i_pcileech_com/i_fifo_64_64_clk2_comrx/U0/inst_fifo_gen/gconvfifo.rf/grf.rf/rstblk/ngwrdrst.grst.g7serrst.gnsckt_wrst.gic_rst.rst_rd_reg2_inst/arststages_ff_reg[0]/PRE,
i_pcileech_com/i_fifo_64_64_clk2_comrx/U0/inst_fifo_gen/gconvfifo.rf/grf.rf/rstblk/ngwrdrst.grst.g7serrst.gnsckt_wrst.gic_rst.rst_rd_reg2_inst/arststages_ff_reg[1]/PRE,
i_pcileech_com/i_fifo_64_64_clk2_comrx/U0/inst_fifo_gen/gconvfifo.rf/grf.rf/rstblk/ngwrdrst.grst.g7serrst.gnsckt_wrst.rst_wr_reg2_inst/arststages_ff_reg[0]/PRE
i_pcileech_com/i_fifo_64_64_clk2_comrx/U0/inst_fifo_gen/gconvfifo.rf/grf.rf/rstblk/ngwrdrst.grst.g7serrst.gnsckt_wrst.rst_wr_reg2_inst/arststages_ff_reg[1]/PRE. The LUT may glitch and trigger an unexpected reset, even if it is a properly timed path.
Related violations: <none>

LUTAR-1#2 Warning
LUT drives async reset alert  
LUT cell i_pcileech_com/i_pcileech_ft601/i_fifo_cmd_rx_i_1, with 2 or more inputs, drives asynchronous preset/clear pin(s) i_pcileech_com/i_fifo_256_32_clk2_comtx/U0/inst_fifo_gen/gconvfifo.rf/grf.rf/rstblk/ngwrdrst.grst.g7serrst.gnsckt_wrst.gic_rst.rst_rd_reg2_inst/arststages_ff_reg[0]/PRE,
i_pcileech_com/i_fifo_256_32_clk2_comtx/U0/inst_fifo_gen/gconvfifo.rf/grf.rf/rstblk/ngwrdrst.grst.g7serrst.gnsckt_wrst.gic_rst.rst_rd_reg2_inst/arststages_ff_reg[1]/PRE,
i_pcileech_com/i_fifo_256_32_clk2_comtx/U0/inst_fifo_gen/gconvfifo.rf/grf.rf/rstblk/ngwrdrst.grst.g7serrst.gnsckt_wrst.rst_wr_reg2_inst/arststages_ff_reg[0]/PRE
i_pcileech_com/i_fifo_256_32_clk2_comtx/U0/inst_fifo_gen/gconvfifo.rf/grf.rf/rstblk/ngwrdrst.grst.g7serrst.gnsckt_wrst.rst_wr_reg2_inst/arststages_ff_reg[1]/PRE. The LUT may glitch and trigger an unexpected reset, even if it is a properly timed path.
Related violations: <none>

LUTAR-1#3 Warning
LUT drives async reset alert  
LUT cell i_pcileech_fifo/i_pcie_7x_0_i_70, with 2 or more inputs, drives asynchronous preset/clear pin(s) i_pcileech_pcie_a7/i_pcie_7x_0/inst/inst/gt_top_i/pipe_wrapper_i/reset_n_reg1_reg/CLR
i_pcileech_pcie_a7/i_pcie_7x_0/inst/inst/gt_top_i/pipe_wrapper_i/reset_n_reg2_reg/CLR. The LUT may glitch and trigger an unexpected reset, even if it is a properly timed path.
Related violations: <none>

LUTAR-1#4 Warning
LUT drives async reset alert  
LUT cell i_pcileech_pcie_a7/i_pcie_7x_0/inst/inst/user_reset_out_i_1, with 2 or more inputs, drives asynchronous preset/clear pin(s) i_pcileech_pcie_a7/i_pcie_7x_0/inst/inst/user_reset_int_reg/PRE
i_pcileech_pcie_a7/i_pcie_7x_0/inst/inst/user_reset_out_reg/PRE. The LUT may glitch and trigger an unexpected reset, even if it is a properly timed path.
Related violations: <none>

LUTAR-1#5 Warning
LUT drives async reset alert  
LUT cell i_pcileech_pcie_a7/i_pcileech_pcie_cfg_a7/i_fifo_pcie_cfg_tx_i_1, with 2 or more inputs, drives asynchronous preset/clear pin(s) i_pcileech_pcie_a7/i_pcileech_pcie_tlp_a7/i_pcileech_tlps128_cfgspace_shadow/i_fifo_49_49_clk2/U0/inst_fifo_gen/gconvfifo.rf/grf.rf/rstblk/ngwrdrst.grst.g7serrst.gnsckt_wrst.gic_rst.rst_rd_reg2_inst/arststages_ff_reg[1]/PRE,
i_pcileech_pcie_a7/i_pcileech_pcie_tlp_a7/i_pcileech_tlps128_cfgspace_shadow/i_fifo_49_49_clk2/U0/inst_fifo_gen/gconvfifo.rf/grf.rf/rstblk/ngwrdrst.grst.g7serrst.gnsckt_wrst.rst_wr_reg2_inst/arststages_ff_reg[0]/PRE,
i_pcileech_pcie_a7/i_pcileech_pcie_tlp_a7/i_pcileech_tlps128_cfgspace_shadow/i_fifo_49_49_clk2/U0/inst_fifo_gen/gconvfifo.rf/grf.rf/rstblk/ngwrdrst.grst.g7serrst.gnsckt_wrst.rst_wr_reg2_inst/arststages_ff_reg[1]/PRE,
i_pcileech_pcie_a7/i_pcileech_pcie_tlp_a7/i_pcileech_tlps128_dst_fifo/i_fifo_134_134_clk2/U0/inst_fifo_gen/gconvfifo.rf/grf.rf/rstblk/ngwrdrst.grst.g7serrst.gnsckt_wrst.gic_rst.rst_rd_reg2_inst/arststages_ff_reg[0]/PRE,
i_pcileech_pcie_a7/i_pcileech_pcie_tlp_a7/i_pcileech_tlps128_dst_fifo/i_fifo_134_134_clk2/U0/inst_fifo_gen/gconvfifo.rf/grf.rf/rstblk/ngwrdrst.grst.g7serrst.gnsckt_wrst.gic_rst.rst_rd_reg2_inst/arststages_ff_reg[1]/PRE,
i_pcileech_pcie_a7/i_pcileech_pcie_tlp_a7/i_pcileech_tlps128_dst_fifo/i_fifo_134_134_clk2/U0/inst_fifo_gen/gconvfifo.rf/grf.rf/rstblk/ngwrdrst.grst.g7serrst.gnsckt_wrst.rst_wr_reg2_inst/arststages_ff_reg[0]/PRE,
i_pcileech_pcie_a7/i_pcileech_pcie_tlp_a7/i_pcileech_tlps128_dst_fifo/i_fifo_134_134_clk2/U0/inst_fifo_gen/gconvfifo.rf/grf.rf/rstblk/ngwrdrst.grst.g7serrst.gnsckt_wrst.rst_wr_reg2_inst/arststages_ff_reg[1]/PRE,
i_pcileech_pcie_a7/i_pcileech_pcie_tlp_a7/i_pcileech_tlps128_src_fifo/i_fifo_134_134_clk2_rxfifo/U0/inst_fifo_gen/gconvfifo.rf/grf.rf/rstblk/ngwrdrst.grst.g7serrst.gnsckt_wrst.gic_rst.rst_rd_reg2_inst/arststages_ff_reg[0]/PRE,
i_pcileech_pcie_a7/i_pcileech_pcie_tlp_a7/i_pcileech_tlps128_src_fifo/i_fifo_134_134_clk2_rxfifo/U0/inst_fifo_gen/gconvfifo.rf/grf.rf/rstblk/ngwrdrst.grst.g7serrst.gnsckt_wrst.gic_rst.rst_rd_reg2_inst/arststages_ff_reg[1]/PRE,
i_pcileech_pcie_a7/i_pcileech_pcie_tlp_a7/i_pcileech_tlps128_src_fifo/i_fifo_134_134_clk2_rxfifo/U0/inst_fifo_gen/gconvfifo.rf/grf.rf/rstblk/ngwrdrst.grst.g7serrst.gnsckt_wrst.rst_wr_reg2_inst/arststages_ff_reg[0]/PRE,
i_pcileech_pcie_a7/i_pcileech_pcie_tlp_a7/i_pcileech_tlps128_src_fifo/i_fifo_134_134_clk2_rxfifo/U0/inst_fifo_gen/gconvfifo.rf/grf.rf/rstblk/ngwrdrst.grst.g7serrst.gnsckt_wrst.rst_wr_reg2_inst/arststages_ff_reg[1]/PRE,
i_pcileech_pcie_a7/i_pcileech_pcie_tlp_a7/i_pcileech_tlps128_src_fifo/i_fifo_1_1_clk2/U0/inst_fifo_gen/gconvfifo.rf/grf.rf/rstblk/ngwrdrst.grst.g7serrst.gnsckt_wrst.gic_rst.rst_rd_reg2_inst/arststages_ff_reg[0]/PRE,
i_pcileech_pcie_a7/i_pcileech_pcie_tlp_a7/i_pcileech_tlps128_src_fifo/i_fifo_1_1_clk2/U0/inst_fifo_gen/gconvfifo.rf/grf.rf/rstblk/ngwrdrst.grst.g7serrst.gnsckt_wrst.gic_rst.rst_rd_reg2_inst/arststages_ff_reg[1]/PRE,
i_pcileech_pcie_a7/i_pcileech_pcie_tlp_a7/i_pcileech_tlps128_src_fifo/i_fifo_1_1_clk2/U0/inst_fifo_gen/gconvfifo.rf/grf.rf/rstblk/ngwrdrst.grst.g7serrst.gnsckt_wrst.rst_wr_reg2_inst/arststages_ff_reg[0]/PRE,
i_pcileech_pcie_a7/i_pcileech_pcie_tlp_a7/i_pcileech_tlps128_src_fifo/i_fifo_1_1_clk2/U0/inst_fifo_gen/gconvfifo.rf/grf.rf/rstblk/ngwrdrst.grst.g7serrst.gnsckt_wrst.rst_wr_reg2_inst/arststages_ff_reg[1]/PRE
 (the first 15 of 28 listed). The LUT may glitch and trigger an unexpected reset, even if it is a properly timed path.
Related violations: <none>

TIMING-9#1 Warning
Unknown CDC Logic  
One or more asynchronous Clock Domain Crossing has been detected between 2 clock domains through a set_false_path or a set_clock_groups or set_max_delay -datapath_only constraint but no double-registers logic synchronizer has been found on the side of the capture clock. It is recommended to run report_cdc for a complete and detailed CDC coverage. Please consider using XPM_CDC to avoid Critical severities
Related violations: <none>

TIMING-10#1 Warning
Missing property on synchronizer  
One or more logic synchronizer has been detected between 2 clock domains but the synchronizer does not have the property ASYNC_REG defined on one or both registers. It is recommended to run report_cdc for a complete and detailed CDC coverage
Related violations: <none>

TIMING-18#1 Warning
Missing input or output delay  
An input delay is missing on pcie_perst_n relative to the rising and/or falling clock edge(s) of net_clk.
Related violations: <none>

TIMING-18#2 Warning
Missing input or output delay  
An input delay is missing on pcie_present relative to the rising and/or falling clock edge(s) of net_clk.
Related violations: <none>

TIMING-18#3 Warning
Missing input or output delay  
An input delay is missing on user_sw2_n relative to the rising and/or falling clock edge(s) of net_clk, net_ft601_clk.
Related violations: <none>

TIMING-18#4 Warning
Missing input or output delay  
An output delay is missing on ft601_rst_n relative to the rising and/or falling clock edge(s) of net_clk.
Related violations: <none>

TIMING-18#5 Warning
Missing input or output delay  
An output delay is missing on user_ld1_n relative to the rising and/or falling clock edge(s) of pcie_sys_clk_p.
Related violations: <none>

TIMING-18#6 Warning
Missing input or output delay  
An output delay is missing on user_ld2_n relative to the rising and/or falling clock edge(s) of net_clk, net_ft601_clk.
Related violations: <none>


